{"headless":true,"level":"info","message":"Flippa scraper initialized","service":"flippa-scraper","timestamp":"2025-08-01 14:40:20","userAgent":"Mozilla/5.0 (Windows NT 10.0; Win64; x64; rv:121.0) Gecko/20100101 Firefox/121.0","viewport":{"height":768,"width":1366}}
{"level":"info","message":"Scraper initialized for testing","service":"flippa-scraper","timestamp":"2025-08-01 14:40:20"}
{"level":"info","message":"Scraping test completed","service":"flippa-scraper","success":true,"testType":"basic","timestamp":"2025-08-01 14:40:20"}
{"headless":true,"level":"info","message":"Flippa scraper initialized","service":"flippa-scraper","timestamp":"2025-08-01 14:40:20","userAgent":"Mozilla/5.0 (Windows NT 10.0; Win64; x64) AppleWebKit/537.36 (KHTML, like Gecko) Chrome/120.0.0.0 Safari/537.36","viewport":{"height":900,"width":1440}}
{"level":"info","message":"Scraper initialized for testing","service":"flippa-scraper","timestamp":"2025-08-01 14:40:20"}
{"level":"info","message":"Scraping test completed","service":"flippa-scraper","success":true,"testType":"redis","timestamp":"2025-08-01 14:40:20"}
{"headless":true,"level":"info","message":"Flippa scraper initialized","service":"flippa-scraper","timestamp":"2025-08-01 14:42:15","userAgent":"Mozilla/5.0 (Macintosh; Intel Mac OS X 10_15_7) AppleWebKit/605.1.15 (KHTML, like Gecko) Version/17.1 Safari/605.1.15","viewport":{"height":900,"width":1600}}
{"level":"info","message":"Scraper initialized for testing","service":"flippa-scraper","timestamp":"2025-08-01 14:42:15"}
{"level":"info","message":"Scraping test completed","service":"flippa-scraper","success":true,"testType":"basic","timestamp":"2025-08-01 14:42:15"}
{"headless":true,"level":"info","message":"Flippa scraper initialized","service":"flippa-scraper","timestamp":"2025-08-01 14:42:15","userAgent":"Mozilla/5.0 (X11; Linux x86_64) AppleWebKit/537.36 (KHTML, like Gecko) Chrome/120.0.0.0 Safari/537.36","viewport":{"height":864,"width":1536}}
{"level":"info","message":"Scraper initialized for testing","service":"flippa-scraper","timestamp":"2025-08-01 14:42:15"}
{"level":"info","message":"Scraping test completed","service":"flippa-scraper","success":true,"testType":"redis","timestamp":"2025-08-01 14:42:15"}
{"headless":true,"level":"info","message":"Flippa scraper initialized","service":"flippa-scraper","timestamp":"2025-08-01 15:25:42","userAgent":"Mozilla/5.0 (Macintosh; Intel Mac OS X 10_15_7) AppleWebKit/537.36 (KHTML, like Gecko) Chrome/120.0.0.0 Safari/537.36","viewport":{"height":900,"width":1600}}
{"level":"info","message":"Scraper initialized for testing","service":"flippa-scraper","timestamp":"2025-08-01 15:25:42"}
{"level":"info","message":"Scraping test completed","service":"flippa-scraper","success":true,"testType":"basic","timestamp":"2025-08-01 15:25:42"}
{"headless":true,"level":"info","message":"Flippa scraper initialized","service":"flippa-scraper","timestamp":"2025-08-01 15:25:42","userAgent":"Mozilla/5.0 (Windows NT 10.0; Win64; x64; rv:121.0) Gecko/20100101 Firefox/121.0","viewport":{"height":864,"width":1536}}
{"level":"info","message":"Scraper initialized for testing","service":"flippa-scraper","timestamp":"2025-08-01 15:25:42"}
{"level":"info","message":"Scraping test completed","service":"flippa-scraper","success":true,"testType":"basic","timestamp":"2025-08-01 15:25:42"}
{"headless":true,"level":"info","message":"Flippa scraper initialized","service":"flippa-scraper","timestamp":"2025-08-01 15:25:43","userAgent":"Mozilla/5.0 (Macintosh; Intel Mac OS X 10_15_7) AppleWebKit/605.1.15 (KHTML, like Gecko) Version/17.1 Safari/605.1.15","viewport":{"height":1080,"width":1920}}
{"level":"info","message":"Scraper initialized for testing","service":"flippa-scraper","timestamp":"2025-08-01 15:25:43"}
{"level":"info","message":"Scraping test completed","service":"flippa-scraper","success":true,"testType":"basic","timestamp":"2025-08-01 15:25:43"}
{"level":"error","message":"Failed to list scraping jobs supabase is not defined","service":"flippa-scraper","stack":"ReferenceError: supabase is not defined\n    at GET (webpack-internal:///(rsc)/./src/app/api/scraping/jobs/route.ts:38:21)\n    at C:\\Users\\KIMJAEHEON\\the-founder\\node_modules\\next\\dist\\compiled\\next-server\\app-route.runtime.dev.js:6:63815\n    at C:\\Users\\KIMJAEHEON\\the-founder\\node_modules\\next\\dist\\server\\lib\\trace\\tracer.js:133:36\n    at NoopContextManager.with (C:\\Users\\KIMJAEHEON\\the-founder\\node_modules\\next\\dist\\compiled\\@opentelemetry\\api\\index.js:1:7062)\n    at ContextAPI.with (C:\\Users\\KIMJAEHEON\\the-founder\\node_modules\\next\\dist\\compiled\\@opentelemetry\\api\\index.js:1:518)\n    at NoopTracer.startActiveSpan (C:\\Users\\KIMJAEHEON\\the-founder\\node_modules\\next\\dist\\compiled\\@opentelemetry\\api\\index.js:1:18093)\n    at ProxyTracer.startActiveSpan (C:\\Users\\KIMJAEHEON\\the-founder\\node_modules\\next\\dist\\compiled\\@opentelemetry\\api\\index.js:1:18854)\n    at C:\\Users\\KIMJAEHEON\\the-founder\\node_modules\\next\\dist\\server\\lib\\trace\\tracer.js:122:103\n    at NoopContextManager.with (C:\\Users\\KIMJAEHEON\\the-founder\\node_modules\\next\\dist\\compiled\\@opentelemetry\\api\\index.js:1:7062)\n    at ContextAPI.with (C:\\Users\\KIMJAEHEON\\the-founder\\node_modules\\next\\dist\\compiled\\@opentelemetry\\api\\index.js:1:518)\n    at NextTracerImpl.trace (C:\\Users\\KIMJAEHEON\\the-founder\\node_modules\\next\\dist\\server\\lib\\trace\\tracer.js:122:28)\n    at C:\\Users\\KIMJAEHEON\\the-founder\\node_modules\\next\\dist\\compiled\\next-server\\app-route.runtime.dev.js:6:56866\n    at AsyncLocalStorage.run (node:internal/async_local_storage/async_hooks:91:14)\n    at Object.wrap (C:\\Users\\KIMJAEHEON\\the-founder\\node_modules\\next\\dist\\compiled\\next-server\\app-route.runtime.dev.js:6:37102)\n    at C:\\Users\\KIMJAEHEON\\the-founder\\node_modules\\next\\dist\\compiled\\next-server\\app-route.runtime.dev.js:6:54639\n    at AsyncLocalStorage.run (node:internal/async_local_storage/async_hooks:91:14)\n    at Object.wrap (C:\\Users\\KIMJAEHEON\\the-founder\\node_modules\\next\\dist\\compiled\\next-server\\app-route.runtime.dev.js:6:36351)\n    at C:\\Users\\KIMJAEHEON\\the-founder\\node_modules\\next\\dist\\compiled\\next-server\\app-route.runtime.dev.js:6:54601\n    at AsyncLocalStorage.run (node:internal/async_local_storage/async_hooks:91:14)\n    at eU.execute (C:\\Users\\KIMJAEHEON\\the-founder\\node_modules\\next\\dist\\compiled\\next-server\\app-route.runtime.dev.js:6:53994)\n    at eU.handle (C:\\Users\\KIMJAEHEON\\the-founder\\node_modules\\next\\dist\\compiled\\next-server\\app-route.runtime.dev.js:6:65073)\n    at doRender (C:\\Users\\KIMJAEHEON\\the-founder\\node_modules\\next\\dist\\server\\base-server.js:1333:60)\n    at cacheEntry.responseCache.get.routeKind (C:\\Users\\KIMJAEHEON\\the-founder\\node_modules\\next\\dist\\server\\base-server.js:1555:34)\n    at ResponseCache.get (C:\\Users\\KIMJAEHEON\\the-founder\\node_modules\\next\\dist\\server\\response-cache\\index.js:49:26)\n    at DevServer.renderToResponseWithComponentsImpl (C:\\Users\\KIMJAEHEON\\the-founder\\node_modules\\next\\dist\\server\\base-server.js:1463:53)\n    at C:\\Users\\KIMJAEHEON\\the-founder\\node_modules\\next\\dist\\server\\base-server.js:992:121\n    at NextTracerImpl.trace (C:\\Users\\KIMJAEHEON\\the-founder\\node_modules\\next\\dist\\server\\lib\\trace\\tracer.js:104:20)\n    at DevServer.renderToResponseWithComponents (C:\\Users\\KIMJAEHEON\\the-founder\\node_modules\\next\\dist\\server\\base-server.js:992:41)\n    at DevServer.renderPageComponent (C:\\Users\\KIMJAEHEON\\the-founder\\node_modules\\next\\dist\\server\\base-server.js:1856:35)\n    at async DevServer.renderToResponseImpl (C:\\Users\\KIMJAEHEON\\the-founder\\node_modules\\next\\dist\\server\\base-server.js:1894:32)\n    at async DevServer.pipeImpl (C:\\Users\\KIMJAEHEON\\the-founder\\node_modules\\next\\dist\\server\\base-server.js:911:25)\n    at async NextNodeServer.handleCatchallRenderRequest (C:\\Users\\KIMJAEHEON\\the-founder\\node_modules\\next\\dist\\server\\next-server.js:271:17)\n    at async DevServer.handleRequestImpl (C:\\Users\\KIMJAEHEON\\the-founder\\node_modules\\next\\dist\\server\\base-server.js:807:17)\n    at async C:\\Users\\KIMJAEHEON\\the-founder\\node_modules\\next\\dist\\server\\dev\\next-dev-server.js:331:20\n    at async Span.traceAsyncFn (C:\\Users\\KIMJAEHEON\\the-founder\\node_modules\\next\\dist\\trace\\trace.js:151:20)\n    at async DevServer.handleRequest (C:\\Users\\KIMJAEHEON\\the-founder\\node_modules\\next\\dist\\server\\dev\\next-dev-server.js:328:24)\n    at async invokeRender (C:\\Users\\KIMJAEHEON\\the-founder\\node_modules\\next\\dist\\server\\lib\\router-server.js:163:21)\n    at async handleRequest (C:\\Users\\KIMJAEHEON\\the-founder\\node_modules\\next\\dist\\server\\lib\\router-server.js:342:24)\n    at async requestHandlerImpl (C:\\Users\\KIMJAEHEON\\the-founder\\node_modules\\next\\dist\\server\\lib\\router-server.js:366:13)\n    at async Server.requestListener (C:\\Users\\KIMJAEHEON\\the-founder\\node_modules\\next\\dist\\server\\lib\\start-server.js:140:13)","timestamp":"2025-08-01 15:25:46"}
{"code":"PGRST204","details":null,"hint":null,"level":"error","message":"Could not find the 'config' column of 'scraping_jobs' in the schema cache","service":"flippa-scraper","timestamp":"2025-08-01 15:25:48"}
{"headless":true,"level":"info","message":"Flippa scraper initialized","service":"flippa-scraper","timestamp":"2025-08-01 15:50:49","userAgent":"Mozilla/5.0 (Macintosh; Intel Mac OS X 10_15_7) AppleWebKit/605.1.15 (KHTML, like Gecko) Version/17.1 Safari/605.1.15","viewport":{"height":768,"width":1366}}
{"level":"info","message":"Scraper initialized for testing","service":"flippa-scraper","timestamp":"2025-08-01 15:50:49"}
{"level":"info","message":"Scraping test completed","service":"flippa-scraper","success":true,"testType":"basic","timestamp":"2025-08-01 15:50:49"}
{"code":"PGRST204","details":null,"hint":null,"level":"error","message":"Could not find the 'config' column of 'scraping_jobs' in the schema cache","service":"flippa-scraper","timestamp":"2025-08-01 15:50:51"}
{"code":"PGRST204","details":null,"hint":null,"level":"error","message":"Could not find the 'config' column of 'scraping_jobs' in the schema cache","service":"flippa-scraper","timestamp":"2025-08-01 16:57:29"}
{"code":"PGRST204","details":null,"hint":null,"level":"error","message":"Could not find the 'config' column of 'scraping_jobs' in the schema cache","service":"flippa-scraper","timestamp":"2025-08-01 16:57:29"}
{"code":"PGRST204","details":null,"hint":null,"level":"error","message":"Could not find the 'config' column of 'scraping_jobs' in the schema cache","service":"flippa-scraper","timestamp":"2025-08-01 16:57:29"}
{"headless":true,"level":"info","message":"Flippa scraper initialized","service":"flippa-scraper","timestamp":"2025-08-01 17:03:51","userAgent":"Mozilla/5.0 (Macintosh; Intel Mac OS X 10_15_7) AppleWebKit/605.1.15 (KHTML, like Gecko) Version/17.1 Safari/605.1.15","viewport":{"height":1080,"width":1920}}
{"level":"info","message":"Scraper initialized for testing","service":"flippa-scraper","timestamp":"2025-08-01 17:03:51"}
{"level":"info","message":"Scraping test completed","service":"flippa-scraper","success":true,"testType":"basic","timestamp":"2025-08-01 17:03:51"}
{"jobId":"6","jobType":"listing_scan","level":"info","message":"Job added to queue","priority":"high","service":"flippa-scraper","timestamp":"2025-08-01 17:03:53"}
{"jobId":"bc07ebcf-e50a-4f9f-abf9-517c60e4524b","jobType":"listing_scan","level":"info","message":"Scraping job created","queueJobId":"6","service":"flippa-scraper","timestamp":"2025-08-01 17:03:53"}
{"headless":true,"level":"info","message":"Flippa scraper initialized","service":"flippa-scraper","timestamp":"2025-08-01 17:05:35","userAgent":"Mozilla/5.0 (Windows NT 10.0; Win64; x64) AppleWebKit/537.36 (KHTML, like Gecko) Chrome/120.0.0.0 Safari/537.36","viewport":{"height":1080,"width":1920}}
{"level":"info","message":"Scraper initialized for testing","service":"flippa-scraper","timestamp":"2025-08-01 17:05:35"}
{"level":"info","message":"Scraping test completed","service":"flippa-scraper","success":true,"testType":"basic","timestamp":"2025-08-01 17:05:35"}
{"headless":true,"level":"info","message":"Flippa scraper initialized","service":"flippa-scraper","timestamp":"2025-08-01 17:05:35","userAgent":"Mozilla/5.0 (Windows NT 10.0; Win64; x64; rv:121.0) Gecko/20100101 Firefox/121.0","viewport":{"height":900,"width":1600}}
{"level":"info","message":"Scraper initialized for testing","service":"flippa-scraper","timestamp":"2025-08-01 17:05:35"}
{"level":"info","message":"Scraping test completed","service":"flippa-scraper","success":true,"testType":"redis","timestamp":"2025-08-01 17:05:35"}
{"jobId":"7","jobType":"listing_scan","level":"info","message":"Job added to queue","priority":"high","service":"flippa-scraper","timestamp":"2025-08-01 17:05:36"}
{"jobId":"bf2b7c88-a3f9-4f29-97d7-2dffdebb2642","jobType":"listing_scan","level":"info","message":"Scraping job created","queueJobId":"7","service":"flippa-scraper","timestamp":"2025-08-01 17:05:36"}
{"headless":true,"level":"info","message":"Flippa scraper initialized","service":"flippa-scraper","timestamp":"2025-08-01 17:08:19","userAgent":"Mozilla/5.0 (Windows NT 10.0; Win64; x64; rv:121.0) Gecko/20100101 Firefox/121.0","viewport":{"height":1080,"width":1920}}
{"level":"info","message":"Scraper initialized for testing","service":"flippa-scraper","timestamp":"2025-08-01 17:08:19"}
{"level":"info","message":"Scraping test completed","service":"flippa-scraper","success":true,"testType":"basic","timestamp":"2025-08-01 17:08:19"}
{"headless":true,"level":"info","message":"Flippa scraper initialized","service":"flippa-scraper","timestamp":"2025-08-01 17:08:19","userAgent":"Mozilla/5.0 (Windows NT 10.0; Win64; x64; rv:121.0) Gecko/20100101 Firefox/121.0","viewport":{"height":900,"width":1600}}
{"level":"info","message":"Scraper initialized for testing","service":"flippa-scraper","timestamp":"2025-08-01 17:08:19"}
{"level":"info","message":"Scraping test completed","service":"flippa-scraper","success":true,"testType":"redis","timestamp":"2025-08-01 17:08:19"}
{"jobId":"8","jobType":"listing_scan","level":"info","message":"Job added to queue","priority":"high","service":"flippa-scraper","timestamp":"2025-08-01 17:08:20"}
{"jobId":"7b928d49-d8df-4ad9-890e-3386435bf37b","jobType":"listing_scan","level":"info","message":"Scraping job created","queueJobId":"8","service":"flippa-scraper","timestamp":"2025-08-01 17:08:20"}
{"code":"42703","details":null,"hint":null,"level":"error","message":"column flippa_listings.is_active does not exist","service":"flippa-scraper","timestamp":"2025-08-01 17:26:59"}
{"code":"42703","details":null,"hint":null,"level":"error","message":"column flippa_listings.is_active does not exist","service":"flippa-scraper","timestamp":"2025-08-01 17:26:59"}
{"headless":true,"level":"info","message":"Flippa scraper initialized","service":"flippa-scraper","timestamp":"2025-08-01 17:46:44","userAgent":"Mozilla/5.0 (X11; Linux x86_64) AppleWebKit/537.36 (KHTML, like Gecko) Chrome/120.0.0.0 Safari/537.36","viewport":{"height":900,"width":1600}}
{"level":"info","message":"Scraper initialized for testing","service":"flippa-scraper","timestamp":"2025-08-01 17:46:44"}
{"level":"info","message":"Scraping test completed","service":"flippa-scraper","success":true,"testType":"basic","timestamp":"2025-08-01 17:46:44"}
{"headless":true,"level":"info","message":"Flippa scraper initialized","service":"flippa-scraper","timestamp":"2025-08-01 17:46:44","userAgent":"Mozilla/5.0 (Macintosh; Intel Mac OS X 10_15_7) AppleWebKit/537.36 (KHTML, like Gecko) Chrome/120.0.0.0 Safari/537.36","viewport":{"height":1080,"width":1920}}
{"level":"info","message":"Scraper initialized for testing","service":"flippa-scraper","timestamp":"2025-08-01 17:46:44"}
{"level":"info","message":"Scraping test completed","service":"flippa-scraper","success":true,"testType":"redis","timestamp":"2025-08-01 17:46:44"}
{"jobId":"12","jobType":"listing_scan","level":"info","message":"Job added to queue","priority":"high","service":"flippa-scraper","timestamp":"2025-08-01 17:46:44"}
{"jobId":"0d18c70f-f03b-429e-848b-fec331d3f5d5","jobType":"listing_scan","level":"info","message":"Scraping job created","queueJobId":"12","service":"flippa-scraper","timestamp":"2025-08-01 17:46:44"}
